<?xml version="1.0" encoding="UTF-8"?>
<testng-results skipped="0" failed="0" total="3" passed="3">
  <reporter-output>
  </reporter-output>
  <suite name="Default suite" duration-ms="143" started-at="2020-10-06T10:57:58Z" finished-at="2020-10-06T10:57:58Z">
    <groups>
    </groups>
    <test name="Default test" duration-ms="143" started-at="2020-10-06T10:57:58Z" finished-at="2020-10-06T10:57:58Z">
      <class name="testngPriority">
        <test-method status="PASS" signature="ts3()[pri:-12, instance:testngPriority@6574b225]" name="ts3" duration-ms="42" started-at="2020-10-06T16:27:58Z" finished-at="2020-10-06T16:27:58Z">
          <reporter-output>
          </reporter-output>
        </test-method> <!-- ts3 -->
        <test-method status="PASS" signature="ts2()[pri:0, instance:testngPriority@6574b225]" name="ts2" duration-ms="10" started-at="2020-10-06T16:27:58Z" finished-at="2020-10-06T16:27:58Z">
          <reporter-output>
          </reporter-output>
        </test-method> <!-- ts2 -->
        <test-method status="PASS" signature="ts1()[pri:1, instance:testngPriority@6574b225]" name="ts1" duration-ms="6" started-at="2020-10-06T16:27:58Z" finished-at="2020-10-06T16:27:58Z">
          <reporter-output>
          </reporter-output>
        </test-method> <!-- ts1 -->
      </class> <!-- testngPriority -->
    </test> <!-- Default test -->
  </suite> <!-- Default suite -->
</testng-results>
